INFO:root:Task 15. Responce: 405		1576398074.7998898
INFO:root:Task 11. Responce: 405		1576398074.80032
INFO:root:Task 12. Responce: 405		1576398074.800552
INFO:root:Task 13. Responce: 301		1576398074.8007529
INFO:root:Task 21. Responce: 405		1576398074.800864
INFO:root:Task 20. Responce: 405		1576398074.803721
INFO:root:Task 17. Responce: 405		1576398074.804034
INFO:root:Task 14. Responce: 405		1576398074.804265
INFO:root:Task 16. Responce: 405		1576398074.8044548
INFO:root:Task 26. Responce: 405		1576398074.804644
INFO:root:Task 4. Responce: 302		1576398074.804806
INFO:root:Task 19. Responce: 405		1576398074.8049111
INFO:root:Task 23. Responce: 405		1576398074.80514
INFO:root:Task 10. Responce: 200		1576398074.805402
INFO:root:Task 6. Responce: 200		1576398074.8061829
INFO:root:Task 9. Responce: 200		1576398074.806317
INFO:root:Task 8. Responce: 200		1576398074.806431
INFO:root:Task 0. Responce: 200		1576398074.806539
INFO:root:Task 2. Responce: 200		1576398074.8066418
INFO:root:Task 22. Responce: 200		1576398074.806798
INFO:root:Task 27. Responce: 405		1576398074.843445
INFO:root:Task 18. Responce: 405		1576398074.847161
INFO:root:Task 24. Responce: 405		1576398074.852866
INFO:root:Task 29. Responce: 200		1576398074.857575
INFO:root:Task 5. Responce: 200		1576398074.891649
INFO:root:Task 28. Responce: 200		1576398074.9489238
INFO:root:Task 25. Responce: 200		1576398074.9902349
INFO:root:Task 1. Responce: 200		1576398074.993045
INFO:root:Task 3. Responce: 200		1576398074.999242
INFO:root:Task 7. Responce: 200		1576398075.010108
INFO:root:Task 36. Responce: 302		1576398075.300462
INFO:root:Task 39. Responce: 200		1576398075.309066
INFO:root:Task 34. Responce: 302		1576398075.309403
INFO:root:Task 40. Responce: 200		1576398075.3200011
INFO:root:Task 47. Responce: 405		1576398075.331913
INFO:root:Task 41. Responce: 302		1576398075.3446841
INFO:root:Task 33. Responce: 405		1576398075.349746
INFO:root:Task 56. Responce: 200		1576398075.358498
INFO:root:Task 51. Responce: 301		1576398075.3723142
INFO:root:Task 46. Responce: 200		1576398075.3745852
INFO:root:Task 48. Responce: 405		1576398075.391893
INFO:root:Task 55. Responce: 200		1576398075.4037812
INFO:root:Task 38. Responce: 200		1576398075.404796
INFO:root:Task 53. Responce: 200		1576398075.418846
INFO:root:Task 59. Responce: 200		1576398075.422634
INFO:root:Task 44. Responce: 200		1576398075.4288661
INFO:root:Task 57. Responce: 200		1576398075.431073
INFO:root:Task 54. Responce: 200		1576398075.43138
INFO:root:Task 52. Responce: 200		1576398075.470449
INFO:root:Task 43. Responce: 200		1576398075.474067
INFO:root:Task 45. Responce: 200		1576398075.504267
INFO:root:Task 30. Responce: 200		1576398075.537456
INFO:root:Task 35. Responce: 200		1576398075.538027
INFO:root:Task 58. Responce: 301		1576398075.53822
INFO:root:Task 37. Responce: 200		1576398075.591655
INFO:root:Task 83. Responce: 302		1576398076.0080209
INFO:root:Task 69. Responce: 302		1576398076.0095239
INFO:root:Task 72. Responce: 302		1576398076.0111492
INFO:root:Task 68. Responce: 302		1576398076.0144398
INFO:root:Task 73. Responce: 302		1576398076.016087
INFO:root:Task 85. Responce: 302		1576398076.019526
INFO:root:Task 87. Responce: 302		1576398076.020371
INFO:root:Task 89. Responce: 302		1576398076.0210838
INFO:root:Task 64. Responce: 302		1576398076.022764
INFO:root:Task 67. Responce: 302		1576398076.027431
INFO:root:Task 79. Responce: 302		1576398076.030032
INFO:root:Task 70. Responce: 302		1576398076.032589
INFO:root:Task 86. Responce: 302		1576398076.035133
INFO:root:Task 76. Responce: 302		1576398076.036334
INFO:root:Task 80. Responce: 302		1576398076.039026
INFO:root:Task 82. Responce: 302		1576398076.0424058
INFO:root:Task 75. Responce: 302		1576398076.04812
INFO:root:Task 63. Responce: 200		1576398076.051519
INFO:root:Task 77. Responce: 302		1576398076.0570471
INFO:root:Task 71. Responce: 302		1576398076.062669
INFO:root:Task 84. Responce: 302		1576398076.0705888
INFO:root:Task 62. Responce: 301		1576398076.0708811
INFO:root:Task 88. Responce: 302		1576398076.073479
INFO:root:Task 78. Responce: 302		1576398076.074522
INFO:root:Task 81. Responce: 302		1576398076.0799448
INFO:root:Task 65. Responce: 200		1576398076.1058822
INFO:root:Task 60. Responce: 301		1576398076.2319732
INFO:root:Task 66. Responce: 200		1576398076.352967
INFO:root:Task 97. Responce: 200		1576398076.60863
INFO:root:Task 95. Responce: 200		1576398076.6110668
INFO:root:Task 104. Responce: 200		1576398076.615658
INFO:root:Task 90. Responce: 302		1576398076.618326
INFO:root:Task 93. Responce: 302		1576398076.6195579
INFO:root:Task 91. Responce: 302		1576398076.6237812
INFO:root:Task 119. Responce: 405		1576398076.6291041
INFO:root:Task 102. Responce: 200		1576398076.641449
INFO:root:Task 108. Responce: 301		1576398076.647656
INFO:root:Task 92. Responce: 302		1576398076.65863
INFO:root:Task 96. Responce: 200		1576398076.889982
INFO:root:Task 115. Responce: 200		1576398076.890959
INFO:root:Task 111. Responce: 200		1576398076.891158
INFO:root:Task 117. Responce: 200		1576398076.8912718
INFO:root:Task 118. Responce: 200		1576398076.892596
INFO:root:Task 116. Responce: 200		1576398076.893583
INFO:root:Task 100. Responce: 200		1576398076.893904
INFO:root:Task 99. Responce: 200		1576398076.8941922
INFO:root:Task 114. Responce: 200		1576398076.894408
INFO:root:Task 113. Responce: 200		1576398076.895445
INFO:root:Task 109. Responce: 200		1576398076.896053
INFO:root:Task 112. Responce: 200		1576398076.896262
INFO:root:Task 110. Responce: 200		1576398076.8980439
INFO:root:Task 98. Responce: 200		1576398077.044959
INFO:root:Task 105. Responce: 200		1576398077.045341
INFO:root:Task 103. Responce: 200		1576398077.0461318
INFO:root:Task 106. Responce: 200		1576398077.078061
